{
  "RSpec": {
    "coverage": {
      "/Users/elhaibel/code/cohere/nourish.party/config/environment.rb": [
        null,
        1,
        null,
        null,
        1
      ],
      "/Users/elhaibel/code/cohere/nourish.party/config/application.rb": [
        1,
        null,
        1,
        null,
        1,
        1,
        1,
        1,
        1,
        1,
        1,
        1,
        null,
        null,
        null,
        null,
        1,
        null,
        1,
        null,
        1,
        null,
        1,
        null,
        null,
        null,
        null,
        null,
        null,
        1,
        null,
        null
      ],
      "/Users/elhaibel/code/cohere/nourish.party/config/boot.rb": [
        1,
        null,
        1
      ],
      "/Users/elhaibel/code/cohere/nourish.party/config/environments/test.rb": [
        1,
        null,
        null,
        null,
        null,
        null,
        null,
        1,
        null,
        null,
        null,
        null,
        1,
        null,
        null,
        1,
        1,
        null,
        null,
        null,
        null,
        1,
        1,
        null,
        null,
        1,
        null,
        null,
        1,
        1,
        1,
        null,
        null,
        null,
        null,
        1,
        null,
        null,
        1,
        null,
        null,
        null,
        null
      ],
      "/Users/elhaibel/code/cohere/nourish.party/config/initializers/application_controller_renderer.rb": [
        null,
        null,
        null,
        null,
        null,
        null,
        null,
        null
      ],
      "/Users/elhaibel/code/cohere/nourish.party/config/initializers/assets.rb": [
        null,
        null,
        null,
        1,
        null,
        null,
        null,
        null,
        1,
        null,
        null,
        null,
        null,
        null
      ],
      "/Users/elhaibel/code/cohere/nourish.party/config/initializers/backtrace_silencers.rb": [
        null,
        null,
        null,
        null,
        null,
        null,
        null,
        null
      ],
      "/Users/elhaibel/code/cohere/nourish.party/config/initializers/cookies_serializer.rb": [
        null,
        null,
        null,
        null,
        1
      ],
      "/Users/elhaibel/code/cohere/nourish.party/config/initializers/devise.rb": [
        null,
        null,
        1,
        null,
        null,
        null,
        null,
        null,
        1,
        null,
        null,
        null,
        null,
        null,
        null,
        1,
        null,
        null,
        null,
        null,
        null,
        null,
        null,
        null,
        null,
        null,
        null,
        1,
        null,
        null,
        null,
        null,
        null,
        null,
        null,
        null,
        null,
        null,
        null,
        null,
        null,
        null,
        null,
        null,
        null,
        null,
        null,
        null,
        null,
        1,
        null,
        null,
        null,
        null,
        1,
        null,
        null,
        null,
        null,
        null,
        null,
        null,
        null,
        null,
        null,
        null,
        null,
        null,
        null,
        null,
        null,
        null,
        null,
        null,
        null,
        null,
        null,
        null,
        null,
        null,
        null,
        null,
        null,
        null,
        null,
        1,
        null,
        null,
        null,
        null,
        null,
        null,
        null,
        null,
        null,
        null,
        null,
        null,
        null,
        null,
        null,
        null,
        null,
        null,
        null,
        null,
        null,
        null,
        1,
        null,
        null,
        1,
        null,
        null,
        null,
        null,
        null,
        null,
        null,
        null,
        null,
        null,
        null,
        null,
        null,
        null,
        null,
        null,
        null,
        null,
        null,
        null,
        null,
        null,
        null,
        null,
        null,
        null,
        null,
        null,
        1,
        null,
        null,
        null,
        null,
        null,
        null,
        null,
        null,
        null,
        1,
        null,
        null,
        null,
        null,
        null,
        null,
        null,
        null,
        null,
        null,
        1,
        null,
        null,
        null,
        null,
        1,
        null,
        null,
        null,
        null,
        null,
        null,
        null,
        null,
        null,
        null,
        null,
        null,
        null,
        null,
        null,
        null,
        null,
        null,
        null,
        null,
        null,
        null,
        null,
        null,
        null,
        null,
        null,
        null,
        null,
        null,
        null,
        null,
        null,
        null,
        null,
        null,
        null,
        null,
        null,
        null,
        1,
        null,
        null,
        null,
        null,
        null,
        null,
        null,
        null,
        null,
        null,
        null,
        null,
        null,
        null,
        null,
        null,
        null,
        null,
        null,
        null,
        null,
        null,
        null,
        null,
        null,
        null,
        null,
        null,
        null,
        null,
        null,
        null,
        null,
        null,
        null,
        null,
        null,
        null,
        null,
        null,
        null,
        1,
        null,
        null,
        null,
        null,
        null,
        null,
        null,
        null,
        null,
        null,
        null,
        null,
        null,
        null,
        null,
        null,
        null,
        null,
        null,
        null,
        null,
        null,
        null,
        null,
        null,
        null,
        null,
        null,
        null
      ],
      "/Users/elhaibel/code/cohere/nourish.party/config/initializers/filter_parameter_logging.rb": [
        null,
        null,
        null,
        1
      ],
      "/Users/elhaibel/code/cohere/nourish.party/config/initializers/generators.rb": [
        1,
        1,
        null
      ],
      "/Users/elhaibel/code/cohere/nourish.party/config/initializers/inflections.rb": [
        null,
        null,
        null,
        null,
        null,
        null,
        null,
        null,
        null,
        null,
        null,
        null,
        null,
        null,
        null,
        null
      ],
      "/Users/elhaibel/code/cohere/nourish.party/config/initializers/mime_types.rb": [
        null,
        null,
        null,
        null
      ],
      "/Users/elhaibel/code/cohere/nourish.party/config/initializers/wrap_parameters.rb": [
        null,
        null,
        null,
        null,
        null,
        null,
        1,
        2,
        null,
        null,
        null,
        null,
        null,
        null
      ],
      "/Users/elhaibel/code/cohere/nourish.party/spec/factories/project_factory.rb": [
        1,
        1,
        1,
        1,
        null,
        null
      ],
      "/Users/elhaibel/code/cohere/nourish.party/spec/factories/user.rb": [
        1,
        1,
        1,
        1,
        null,
        null
      ],
      "/Users/elhaibel/code/cohere/nourish.party/config/routes.rb": [
        1,
        1,
        null,
        1,
        null,
        1,
        null
      ],
      "/Users/elhaibel/code/cohere/nourish.party/app/models/user.rb": [
        null,
        1,
        null,
        null,
        1,
        null,
        null,
        1,
        1,
        null
      ],
      "/Users/elhaibel/code/cohere/nourish.party/app/models/application_record.rb": [
        null,
        1,
        1,
        null
      ],
      "/Users/elhaibel/code/cohere/nourish.party/spec/support/factory_bot.rb": [
        null,
        1,
        1,
        null
      ],
      "/Users/elhaibel/code/cohere/nourish.party/app/models/project.rb": [
        null,
        1,
        1,
        1,
        1,
        null,
        1,
        1,
        1,
        null,
        null,
        1,
        2,
        null,
        null,
        1,
        1,
        null,
        null
      ],
      "/Users/elhaibel/code/cohere/nourish.party/spec/models/user_spec.rb": [
        1,
        null,
        1,
        1,
        1,
        1,
        1,
        null,
        null,
        1,
        1,
        1,
        null,
        null,
        null
      ],
      "/Users/elhaibel/code/cohere/nourish.party/app/models/project_membership.rb": [
        null,
        1,
        1,
        1,
        null
      ]
    },
    "timestamp": 1513962154
  }
}
